<?xml version="1.0" encoding="UTF-8"?>
<!-- Generated by org.testng.reporters.JUnitXMLReporter -->
<testsuite ignored="0" hostname="IN-LP-101" failures="0" tests="4" name="Test3" time="0.007" errors="0" timestamp="2023-02-09T17:15:48 IST">
  <testcase classname="parallelTest.TestClass3" name="testMethod5" time="0.001"/>
  <testcase classname="parallelTest.TestClass3" name="testMethod6" time="0.0"/>
  <testcase classname="parallelTest.TestClass3" name="testMethod7" time="0.0"/>
  <testcase classname="parallelTest.TestClass3" name="testMethod8" time="0.0"/>
</testsuite> <!-- Test3 -->
