<?xml version="1.0" encoding="UTF-8"?>
<!-- Generated by org.testng.reporters.JUnitXMLReporter -->
<testsuite ignored="0" hostname="IN-LP-101" failures="1" tests="2" name="Test Google" time="5.138" errors="0" timestamp="2023-02-09T12:18:28 IST">
  <testcase classname="screenshots.TestClass" name="TestFacebook" time="1.748"/>
  <testcase classname="screenshots.TestClass" name="TestGoogle" time="1.048">
    <failure type="java.lang.AssertionError" message="Title is matching expected [hyr tutorials - Google Search] but found [Google]">
      <![CDATA[java.lang.AssertionError: Title is matching expected [hyr tutorials - Google Search] but found [Google]
at screenshots.TestClass.TestGoogle(TestClass.java:23)
at java.base/java.util.ArrayList.forEach(ArrayList.java:1511)
... Removed 32 stack frames]]>
    </failure>
  </testcase> <!-- TestGoogle -->
</testsuite> <!-- Test Google -->
