<?xml version="1.0" encoding="UTF-8"?>
<!-- Generated by org.testng.reporters.JUnitXMLReporter -->
<testsuite ignored="0" hostname="IN-LP-101" failures="0" tests="4" name="Test2" time="0.049" errors="0" timestamp="2023-02-09T17:15:48 IST">
  <testcase classname="parallelTest.TestClass2" name="testMethod10" time="0.012"/>
  <testcase classname="parallelTest.TestClass2" name="testMethod11" time="0.001"/>
  <testcase classname="parallelTest.TestClass2" name="testMethod12" time="0.001"/>
  <testcase classname="parallelTest.TestClass2" name="testMethod9" time="0.001"/>
</testsuite> <!-- Test2 -->
