<?xml version="1.0" encoding="UTF-8"?>
<!-- Generated by org.testng.reporters.JUnitXMLReporter -->
<testsuite hostname="IN-LP-101" ignored="2" name="Surefire test" tests="5" failures="1" timestamp="2023-02-14T10:46:30 IST" time="49.905" errors="0">
  <testcase name="testmethod1" time="0.002" classname="annotations.AnnotationsTest"/>
  <testcase name="testmethod2" time="0.0" classname="annotations.AnnotationsTest"/>
  <testcase name="testcase" time="34.005" classname="org.com.aik.airkorder.AikLogin_TestCase"/>
  <testcase name="TestFacebook" time="1.995" classname="screenshots.TestClass"/>
  <testcase name="TestGoogle" time="1.322" classname="screenshots.TestClass">
    <failure type="java.lang.AssertionError" message="Title is matching expected [hyr tutorials - Google Search] but found [Google]">
      <![CDATA[java.lang.AssertionError: Title is matching expected [hyr tutorials - Google Search] but found [Google]
at screenshots.TestClass.TestGoogle(TestClass.java:23)
at java.util.ArrayList.forEach(ArrayList.java:1259)
... Removed 37 stack frames]]>
    </failure>
  </testcase> <!-- TestGoogle -->
  <testcase name="@AfterTest teardown" time="0.0" classname="screenshots.BaseTest">
    <ignored/>
  </testcase> <!-- @AfterTest teardown -->
  <testcase name="@BeforeTest setup" time="0.0" classname="screenshots.BaseTest">
    <ignored/>
  </testcase> <!-- @BeforeTest setup -->
</testsuite> <!-- Surefire test -->
