-------------------------------------------------------------------------------
Test set: TestSuite
-------------------------------------------------------------------------------
Tests run: 6, Failures: 1, Errors: 0, Skipped: 0, Time elapsed: 50.788 s <<< FAILURE! - in TestSuite
TestGoogle(screenshots.TestClass)  Time elapsed: 1.337 s  <<< FAILURE!
java.lang.AssertionError: Title is matching expected [hyr tutorials - Google Search] but found [Google]
	at screenshots.TestClass.TestGoogle(TestClass.java:23)

