<?xml version="1.0" encoding="UTF-8"?>
<testsuite xmlns:xsi="http://www.w3.org/2001/XMLSchema-instance" xsi:noNamespaceSchemaLocation="https://maven.apache.org/surefire/maven-surefire-plugin/xsd/surefire-test-report.xsd" name="TestSuite" time="50.788" tests="6" errors="0" skipped="0" failures="1">
  <properties>
[...]
</properties>
  <testcase name="testmethod1" classname="annotations.AnnotationsTest" time="0.007"/>
  <testcase name="testmethod2" classname="annotations.AnnotationsTest" time="0"/>
  <testcase name="testcase" classname="org.com.aik.airkorder.AikLogin_TestCase" time="34.006"/>
  <testcase name="TestFacebook" classname="screenshots.TestClass" time="1.995"/>
  <testcase name="TestGoogle" classname="screenshots.TestClass" time="1.337">
    <failure message="Title is matching expected [hyr tutorials - Google Search] but found [Google]" type="java.lang.AssertionError">java.lang.AssertionError: Title is matching expected [hyr tutorials - Google Search] but found [Google]
	at screenshots.TestClass.TestGoogle(TestClass.java:23)
</failure>
  </testcase>
  <testcase name="shouldAnswerWithTrue on shouldAnswerWithTrue(org.com.aik.airkorder.AppTest)" classname="org.com.aik.airkorder.AppTest" time="0.002"/>
</testsuite>