<?xml version="1.0" encoding="UTF-8"?>
<testng-results ignored="0" total="12" passed="12" failed="0" skipped="0">
  <reporter-output>
  </reporter-output>
  <suite started-at="2023-02-09T17:15:48 IST" name="suite" finished-at="2023-02-09T17:15:48 IST" duration-ms="98">
    <groups>
    </groups>
    <test started-at="2023-02-09T17:15:48 IST" name="Test1" finished-at="2023-02-09T17:15:48 IST" duration-ms="49">
      <class name="parallelTest.TestClass1">
        <test-method signature="testMethod1()[pri:0, instance:parallelTest.TestClass1@342c38f8]" started-at="2023-02-09T17:15:48 IST" name="testMethod1" finished-at="2023-02-09T17:15:48 IST" duration-ms="12" status="PASS">
          <reporter-output>
          </reporter-output>
        </test-method> <!-- testMethod1 -->
        <test-method signature="testMethod2()[pri:0, instance:parallelTest.TestClass1@342c38f8]" started-at="2023-02-09T17:15:48 IST" name="testMethod2" finished-at="2023-02-09T17:15:48 IST" duration-ms="1" status="PASS">
          <reporter-output>
          </reporter-output>
        </test-method> <!-- testMethod2 -->
        <test-method signature="testMethod3()[pri:0, instance:parallelTest.TestClass1@342c38f8]" started-at="2023-02-09T17:15:48 IST" name="testMethod3" finished-at="2023-02-09T17:15:48 IST" duration-ms="1" status="PASS">
          <reporter-output>
          </reporter-output>
        </test-method> <!-- testMethod3 -->
        <test-method signature="testMethod4()[pri:0, instance:parallelTest.TestClass1@342c38f8]" started-at="2023-02-09T17:15:48 IST" name="testMethod4" finished-at="2023-02-09T17:15:48 IST" duration-ms="0" status="PASS">
          <reporter-output>
          </reporter-output>
        </test-method> <!-- testMethod4 -->
      </class> <!-- parallelTest.TestClass1 -->
    </test> <!-- Test1 -->
    <test started-at="2023-02-09T17:15:48 IST" name="Test2" finished-at="2023-02-09T17:15:48 IST" duration-ms="49">
      <class name="parallelTest.TestClass2">
        <test-method signature="testMethod10()[pri:0, instance:parallelTest.TestClass2@13e344d]" started-at="2023-02-09T17:15:48 IST" name="testMethod10" finished-at="2023-02-09T17:15:48 IST" duration-ms="12" status="PASS">
          <reporter-output>
          </reporter-output>
        </test-method> <!-- testMethod10 -->
        <test-method signature="testMethod11()[pri:0, instance:parallelTest.TestClass2@13e344d]" started-at="2023-02-09T17:15:48 IST" name="testMethod11" finished-at="2023-02-09T17:15:48 IST" duration-ms="1" status="PASS">
          <reporter-output>
          </reporter-output>
        </test-method> <!-- testMethod11 -->
        <test-method signature="testMethod12()[pri:0, instance:parallelTest.TestClass2@13e344d]" started-at="2023-02-09T17:15:48 IST" name="testMethod12" finished-at="2023-02-09T17:15:48 IST" duration-ms="1" status="PASS">
          <reporter-output>
          </reporter-output>
        </test-method> <!-- testMethod12 -->
        <test-method signature="testMethod9()[pri:0, instance:parallelTest.TestClass2@13e344d]" started-at="2023-02-09T17:15:48 IST" name="testMethod9" finished-at="2023-02-09T17:15:48 IST" duration-ms="1" status="PASS">
          <reporter-output>
          </reporter-output>
        </test-method> <!-- testMethod9 -->
      </class> <!-- parallelTest.TestClass2 -->
    </test> <!-- Test2 -->
    <test started-at="2023-02-09T17:15:48 IST" name="Test3" finished-at="2023-02-09T17:15:48 IST" duration-ms="7">
      <class name="parallelTest.TestClass3">
        <test-method signature="testMethod5()[pri:0, instance:parallelTest.TestClass3@55a147cc]" started-at="2023-02-09T17:15:48 IST" name="testMethod5" finished-at="2023-02-09T17:15:48 IST" duration-ms="1" status="PASS">
          <reporter-output>
          </reporter-output>
        </test-method> <!-- testMethod5 -->
        <test-method signature="testMethod6()[pri:0, instance:parallelTest.TestClass3@55a147cc]" started-at="2023-02-09T17:15:48 IST" name="testMethod6" finished-at="2023-02-09T17:15:48 IST" duration-ms="0" status="PASS">
          <reporter-output>
          </reporter-output>
        </test-method> <!-- testMethod6 -->
        <test-method signature="testMethod7()[pri:0, instance:parallelTest.TestClass3@55a147cc]" started-at="2023-02-09T17:15:48 IST" name="testMethod7" finished-at="2023-02-09T17:15:48 IST" duration-ms="0" status="PASS">
          <reporter-output>
          </reporter-output>
        </test-method> <!-- testMethod7 -->
        <test-method signature="testMethod8()[pri:0, instance:parallelTest.TestClass3@55a147cc]" started-at="2023-02-09T17:15:48 IST" name="testMethod8" finished-at="2023-02-09T17:15:48 IST" duration-ms="0" status="PASS">
          <reporter-output>
          </reporter-output>
        </test-method> <!-- testMethod8 -->
      </class> <!-- parallelTest.TestClass3 -->
    </test> <!-- Test3 -->
  </suite> <!-- suite -->
</testng-results>
